<?xml version="1.0" encoding="UTF-8"?>
<!-- Generated by org.testng.reporters.JUnitReportReporter -->
<testsuite hostname="RT-2.local" name="appiumIOS.appiumTest" tests="1" failures="0" timestamp="9 Sep 2015 10:35:42 GMT" time="80.066" errors="0">
  <testcase name="addItemsToBasketTest" time="80.066" classname="appiumIOS.appiumTest"/>
</testsuite> <!-- appiumIOS.appiumTest -->
